# Logfile created on Tue Mar 23 20:34:11 -0300 2010

Processing Rails::InfoController#properties (for 127.0.0.1 at 2010-03-23 20:34:47) [GET]
  [4;36;1mSQL (0.6ms)[0m   [0;1m SELECT name
 FROM sqlite_master
 WHERE type = 'table' AND NOT name = 'sqlite_sequence'
[0m
Completed in 76ms (View: 11, DB: 1) | 200 OK [http://0.0.0.0/rails/info/properties]


Processing ApplicationController#index (for 127.0.0.1 at 2010-03-23 20:35:03) [GET]

ActionController::RoutingError (No route matches "/Dojo-Online" with {:method=>:get}):
  /usr/lib/ruby/1.8/webrick/httpserver.rb:104:in `service'
  /usr/lib/ruby/1.8/webrick/httpserver.rb:65:in `run'
  /usr/lib/ruby/1.8/webrick/server.rb:173:in `start_thread'
  /usr/lib/ruby/1.8/webrick/server.rb:162:in `start'
  /usr/lib/ruby/1.8/webrick/server.rb:162:in `start_thread'
  /usr/lib/ruby/1.8/webrick/server.rb:95:in `start'
  /usr/lib/ruby/1.8/webrick/server.rb:92:in `each'
  /usr/lib/ruby/1.8/webrick/server.rb:92:in `start'
  /usr/lib/ruby/1.8/webrick/server.rb:23:in `start'
  /usr/lib/ruby/1.8/webrick/server.rb:82:in `start'

Rendering rescues/layout (not_found)


Processing ApplicationController#index (for 127.0.0.1 at 2010-03-23 20:35:08) [GET]

ActionController::RoutingError (No route matches "/Dojo-OnLine" with {:method=>:get}):
  /usr/lib/ruby/1.8/webrick/httpserver.rb:104:in `service'
  /usr/lib/ruby/1.8/webrick/httpserver.rb:65:in `run'
  /usr/lib/ruby/1.8/webrick/server.rb:173:in `start_thread'
  /usr/lib/ruby/1.8/webrick/server.rb:162:in `start'
  /usr/lib/ruby/1.8/webrick/server.rb:162:in `start_thread'
  /usr/lib/ruby/1.8/webrick/server.rb:95:in `start'
  /usr/lib/ruby/1.8/webrick/server.rb:92:in `each'
  /usr/lib/ruby/1.8/webrick/server.rb:92:in `start'
  /usr/lib/ruby/1.8/webrick/server.rb:23:in `start'
  /usr/lib/ruby/1.8/webrick/server.rb:82:in `start'

Rendering rescues/layout (not_found)
  [4;36;1mSQL (0.5ms)[0m   [0;1m SELECT name
 FROM sqlite_master
 WHERE type = 'table' AND NOT name = 'sqlite_sequence'
[0m
  [4;35;1mSQL (0.2ms)[0m   [0mselect sqlite_version(*)[0m
  [4;36;1mSQL (2.1ms)[0m   [0;1mCREATE TABLE "schema_migrations" ("version" varchar(255) NOT NULL) [0m
  [4;35;1mSQL (1.5ms)[0m   [0mCREATE UNIQUE INDEX "unique_schema_migrations" ON "schema_migrations" ("version")[0m
  [4;36;1mSQL (0.2ms)[0m   [0;1m SELECT name
 FROM sqlite_master
 WHERE type = 'table' AND NOT name = 'sqlite_sequence'
[0m
  [4;35;1mSQL (0.1ms)[0m   [0mSELECT version FROM schema_migrations[0m
Migrating to CreateUsers (20100319172108)
  [4;36;1mSQL (0.5ms)[0m   [0;1mCREATE TABLE "users" ("id" INTEGER PRIMARY KEY AUTOINCREMENT NOT NULL, "name" varchar(255), "created_at" datetime, "updated_at" datetime) [0m
  [4;35;1mSQL (0.1ms)[0m   [0mINSERT INTO schema_migrations (version) VALUES ('20100319172108')[0m
  [4;36;1mSQL (0.4ms)[0m   [0;1m SELECT name
 FROM sqlite_master
 WHERE type = 'table' AND NOT name = 'sqlite_sequence'
[0m
  [4;35;1mSQL (0.4ms)[0m   [0mSELECT version FROM schema_migrations[0m
  [4;36;1mSQL (0.4ms)[0m   [0;1m SELECT name
 FROM sqlite_master
 WHERE type = 'table' AND NOT name = 'sqlite_sequence'
[0m
  [4;35;1mSQL (0.1ms)[0m   [0mPRAGMA index_list("users")[0m


Processing ApplicationController#index (for 127.0.0.1 at 2010-03-23 20:39:56) [GET]

ActionController::RoutingError (No route matches "/dojo-online" with {:method=>:get}):
  /usr/lib/ruby/1.8/webrick/httpserver.rb:104:in `service'
  /usr/lib/ruby/1.8/webrick/httpserver.rb:65:in `run'
  /usr/lib/ruby/1.8/webrick/server.rb:173:in `start_thread'
  /usr/lib/ruby/1.8/webrick/server.rb:162:in `start'
  /usr/lib/ruby/1.8/webrick/server.rb:162:in `start_thread'
  /usr/lib/ruby/1.8/webrick/server.rb:95:in `start'
  /usr/lib/ruby/1.8/webrick/server.rb:92:in `each'
  /usr/lib/ruby/1.8/webrick/server.rb:92:in `start'
  /usr/lib/ruby/1.8/webrick/server.rb:23:in `start'
  /usr/lib/ruby/1.8/webrick/server.rb:82:in `start'

Rendering rescues/layout (not_found)


Processing ApplicationController#index (for 127.0.0.1 at 2010-03-23 20:40:03) [GET]

ActionController::RoutingError (No route matches "/Dojo-online" with {:method=>:get}):
  /usr/lib/ruby/1.8/webrick/httpserver.rb:104:in `service'
  /usr/lib/ruby/1.8/webrick/httpserver.rb:65:in `run'
  /usr/lib/ruby/1.8/webrick/server.rb:173:in `start_thread'
  /usr/lib/ruby/1.8/webrick/server.rb:162:in `start'
  /usr/lib/ruby/1.8/webrick/server.rb:162:in `start_thread'
  /usr/lib/ruby/1.8/webrick/server.rb:95:in `start'
  /usr/lib/ruby/1.8/webrick/server.rb:92:in `each'
  /usr/lib/ruby/1.8/webrick/server.rb:92:in `start'
  /usr/lib/ruby/1.8/webrick/server.rb:23:in `start'
  /usr/lib/ruby/1.8/webrick/server.rb:82:in `start'

Rendering rescues/layout (not_found)


Processing ApplicationController#index (for 127.0.0.1 at 2010-03-23 20:40:09) [GET]

ActionController::RoutingError (No route matches "/Dojo-Online" with {:method=>:get}):
  /usr/lib/ruby/1.8/webrick/httpserver.rb:104:in `service'
  /usr/lib/ruby/1.8/webrick/httpserver.rb:65:in `run'
  /usr/lib/ruby/1.8/webrick/server.rb:173:in `start_thread'
  /usr/lib/ruby/1.8/webrick/server.rb:162:in `start'
  /usr/lib/ruby/1.8/webrick/server.rb:162:in `start_thread'
  /usr/lib/ruby/1.8/webrick/server.rb:95:in `start'
  /usr/lib/ruby/1.8/webrick/server.rb:92:in `each'
  /usr/lib/ruby/1.8/webrick/server.rb:92:in `start'
  /usr/lib/ruby/1.8/webrick/server.rb:23:in `start'
  /usr/lib/ruby/1.8/webrick/server.rb:82:in `start'

Rendering rescues/layout (not_found)


Processing Rails::InfoController#properties (for 127.0.0.1 at 2010-03-23 20:40:22) [GET]
  [4;36;1mSQL (0.8ms)[0m   [0;1m SELECT name
 FROM sqlite_master
 WHERE type = 'table' AND NOT name = 'sqlite_sequence'
[0m
  [4;35;1mSQL (0.2ms)[0m   [0mSELECT version FROM schema_migrations[0m
Completed in 25ms (View: 2, DB: 1) | 200 OK [http://localhost/rails/info/properties]


Processing ApplicationController#index (for 127.0.0.1 at 2010-03-26 09:32:57) [GET]

ActionController::RoutingError (No route matches "/home" with {:method=>:get}):
  /usr/lib/ruby/1.8/webrick/httpserver.rb:104:in `service'
  /usr/lib/ruby/1.8/webrick/httpserver.rb:65:in `run'
  /usr/lib/ruby/1.8/webrick/server.rb:173:in `start_thread'
  /usr/lib/ruby/1.8/webrick/server.rb:162:in `start'
  /usr/lib/ruby/1.8/webrick/server.rb:162:in `start_thread'
  /usr/lib/ruby/1.8/webrick/server.rb:95:in `start'
  /usr/lib/ruby/1.8/webrick/server.rb:92:in `each'
  /usr/lib/ruby/1.8/webrick/server.rb:92:in `start'
  /usr/lib/ruby/1.8/webrick/server.rb:23:in `start'
  /usr/lib/ruby/1.8/webrick/server.rb:82:in `start'

Rendering rescues/layout (not_found)


Processing ApplicationController#index (for 127.0.0.1 at 2010-03-26 10:31:52) [GET]

ActionController::RoutingError (No route matches "/home" with {:method=>:get}):
  /usr/lib/ruby/1.8/webrick/httpserver.rb:104:in `service'
  /usr/lib/ruby/1.8/webrick/httpserver.rb:65:in `run'
  /usr/lib/ruby/1.8/webrick/server.rb:173:in `start_thread'
  /usr/lib/ruby/1.8/webrick/server.rb:162:in `start'
  /usr/lib/ruby/1.8/webrick/server.rb:162:in `start_thread'
  /usr/lib/ruby/1.8/webrick/server.rb:95:in `start'
  /usr/lib/ruby/1.8/webrick/server.rb:92:in `each'
  /usr/lib/ruby/1.8/webrick/server.rb:92:in `start'
  /usr/lib/ruby/1.8/webrick/server.rb:23:in `start'
  /usr/lib/ruby/1.8/webrick/server.rb:82:in `start'

Rendering rescues/layout (not_found)


Processing UserController#index (for 127.0.0.1 at 2010-03-26 10:32:26) [GET]

ActionController::UnknownAction (No action responded to index. Actions: create and remove):
  /usr/lib/ruby/1.8/webrick/httpserver.rb:104:in `service'
  /usr/lib/ruby/1.8/webrick/httpserver.rb:65:in `run'
  /usr/lib/ruby/1.8/webrick/server.rb:173:in `start_thread'
  /usr/lib/ruby/1.8/webrick/server.rb:162:in `start'
  /usr/lib/ruby/1.8/webrick/server.rb:162:in `start_thread'
  /usr/lib/ruby/1.8/webrick/server.rb:95:in `start'
  /usr/lib/ruby/1.8/webrick/server.rb:92:in `each'
  /usr/lib/ruby/1.8/webrick/server.rb:92:in `start'
  /usr/lib/ruby/1.8/webrick/server.rb:23:in `start'
  /usr/lib/ruby/1.8/webrick/server.rb:82:in `start'

Rendering rescues/layout (not_found)


Processing ApplicationController#index (for 127.0.0.1 at 2010-03-26 10:33:46) [GET]

ActionController::RoutingError (No route matches "/welcome" with {:method=>:get}):
  /usr/lib/ruby/1.8/webrick/httpserver.rb:104:in `service'
  /usr/lib/ruby/1.8/webrick/httpserver.rb:65:in `run'
  /usr/lib/ruby/1.8/webrick/server.rb:173:in `start_thread'
  /usr/lib/ruby/1.8/webrick/server.rb:162:in `start'
  /usr/lib/ruby/1.8/webrick/server.rb:162:in `start_thread'
  /usr/lib/ruby/1.8/webrick/server.rb:95:in `start'
  /usr/lib/ruby/1.8/webrick/server.rb:92:in `each'
  /usr/lib/ruby/1.8/webrick/server.rb:92:in `start'
  /usr/lib/ruby/1.8/webrick/server.rb:23:in `start'
  /usr/lib/ruby/1.8/webrick/server.rb:82:in `start'

Rendering rescues/layout (not_found)


Processing LoginController#index (for 127.0.0.1 at 2010-03-26 10:37:27) [GET]
Rendering template within layouts/login
Rendering login/index
Completed in 76ms (View: 72, DB: 0) | 200 OK [http://localhost/login]


Processing UserController#create (for 127.0.0.1 at 2010-03-26 10:37:33) [POST]
  Parameters: {"commit"=>"Login", "authenticity_token"=>"YTUojsPi48ywU6wrBZa9oLDsA0XAQHf9awJmd8Mzu6E=", "user"=>{"name"=>"erika"}}
  [4;36;1mUser Load (0.2ms)[0m   [0;1mSELECT "users".id FROM "users" WHERE ("users"."name" = 'erika') LIMIT 1[0m
  [4;35;1mUser Create (11.9ms)[0m   [0mINSERT INTO "users" ("name", "created_at", "updated_at") VALUES('erika', '2010-03-26 13:37:33', '2010-03-26 13:37:33')[0m
Redirected to http://localhost:3000/login/welcome
Completed in 38ms (DB: 12) | 302 Found [http://localhost/user/create]


Processing LoginController#welcome (for 127.0.0.1 at 2010-03-26 10:37:33) [GET]
Rendering template within layouts/login
Rendering login/welcome
Completed in 10ms (View: 7, DB: 0) | 200 OK [http://localhost/login/welcome]


Processing LoginController#logout (for 127.0.0.1 at 2010-03-26 10:37:36) [GET]
Redirected to http://localhost:3000/user/remove
Completed in 3ms (DB: 0) | 302 Found [http://localhost/login/logout]


Processing UserController#remove (for 127.0.0.1 at 2010-03-26 10:37:36) [GET]
  [4;36;1mUser Load (0.8ms)[0m   [0;1mSELECT * FROM "users" WHERE ("users"."name" = 'erika') LIMIT 1[0m
  [4;35;1mUser Delete all (4.2ms)[0m   [0mDELETE FROM "users" WHERE ("id" IN (1)) [0m
Redirected to http://localhost:3000/
Completed in 39ms (DB: 5) | 302 Found [http://localhost/user/remove]


Processing LoginController#index (for 127.0.0.1 at 2010-03-26 10:37:43) [GET]
Rendering template within layouts/login
Rendering login/index
Completed in 11ms (View: 3, DB: 0) | 200 OK [http://localhost/login]


Processing UserController#create (for 127.0.0.1 at 2010-03-26 10:37:46) [POST]
  Parameters: {"commit"=>"Login", "authenticity_token"=>"YTUojsPi48ywU6wrBZa9oLDsA0XAQHf9awJmd8Mzu6E=", "user"=>{"name"=>"erika"}}
  [4;36;1mUser Load (0.2ms)[0m   [0;1mSELECT "users".id FROM "users" WHERE ("users"."name" = 'erika') LIMIT 1[0m
  [4;35;1mUser Create (0.2ms)[0m   [0mINSERT INTO "users" ("name", "created_at", "updated_at") VALUES('erika', '2010-03-26 13:37:46', '2010-03-26 13:37:46')[0m
Redirected to http://localhost:3000/login/welcome
Completed in 21ms (DB: 0) | 302 Found [http://localhost/user/create]


Processing LoginController#welcome (for 127.0.0.1 at 2010-03-26 10:37:46) [GET]
Rendering template within layouts/login
Rendering login/welcome
Completed in 5ms (View: 2, DB: 0) | 200 OK [http://localhost/login/welcome]


Processing LoginController#index (for 127.0.0.1 at 2010-03-26 10:38:04) [GET]
Redirected to http://localhost:3000/login/welcome
Completed in 4ms (DB: 0) | 302 Found [http://localhost/login/]


Processing LoginController#welcome (for 127.0.0.1 at 2010-03-26 10:38:04) [GET]
Rendering template within layouts/login
Rendering login/welcome
Completed in 5ms (View: 2, DB: 0) | 200 OK [http://localhost/login/welcome]


Processing LoginController#index (for 127.0.0.1 at 2010-03-26 10:39:33) [GET]
Rendering template within layouts/login
Rendering login/index
Completed in 8ms (View: 3, DB: 0) | 200 OK [http://localhost/login/]


Processing UserController#create (for 127.0.0.1 at 2010-03-26 10:39:36) [POST]
  Parameters: {"commit"=>"Login", "authenticity_token"=>"fF+XN+Yz4y3kRjcamoj3iY6qUvbqbNenXN8Ab3LEzpA=", "user"=>{"name"=>"erika"}}
  [4;36;1mUser Load (0.3ms)[0m   [0;1mSELECT "users".id FROM "users" WHERE ("users"."name" = 'erika') LIMIT 1[0m
Redirected to http://localhost:3000/
Completed in 13ms (DB: 0) | 302 Found [http://localhost/user/create]


Processing LoginController#index (for 127.0.0.1 at 2010-03-26 10:39:44) [GET]
Rendering template within layouts/login
Rendering login/index
Completed in 7ms (View: 4, DB: 0) | 200 OK [http://localhost/login/]


Processing UserController#create (for 127.0.0.1 at 2010-03-26 10:39:55) [POST]
  Parameters: {"commit"=>"Login", "authenticity_token"=>"fF+XN+Yz4y3kRjcamoj3iY6qUvbqbNenXN8Ab3LEzpA=", "user"=>{"name"=>"juan carlos"}}
  [4;35;1mUser Load (0.2ms)[0m   [0mSELECT "users".id FROM "users" WHERE ("users"."name" = 'juan carlos') LIMIT 1[0m
  [4;36;1mUser Create (0.2ms)[0m   [0;1mINSERT INTO "users" ("name", "created_at", "updated_at") VALUES('juan carlos', '2010-03-26 13:39:55', '2010-03-26 13:39:55')[0m
Redirected to http://localhost:3000/login/welcome
Completed in 18ms (DB: 0) | 302 Found [http://localhost/user/create]


Processing LoginController#welcome (for 127.0.0.1 at 2010-03-26 10:39:55) [GET]
Rendering template within layouts/login
Rendering login/welcome
Completed in 5ms (View: 2, DB: 0) | 200 OK [http://localhost/login/welcome]


Processing LoginController#logout (for 127.0.0.1 at 2010-03-26 10:39:58) [GET]
Redirected to http://localhost:3000/user/remove
Completed in 3ms (DB: 0) | 302 Found [http://localhost/login/logout]


Processing UserController#remove (for 127.0.0.1 at 2010-03-26 10:39:58) [GET]
  [4;35;1mUser Load (0.5ms)[0m   [0mSELECT * FROM "users" WHERE ("users"."name" = 'juan carlos') LIMIT 1[0m
  [4;36;1mUser Delete all (2.2ms)[0m   [0;1mDELETE FROM "users" WHERE ("id" IN (3)) [0m
Redirected to http://localhost:3000/
Completed in 13ms (DB: 3) | 302 Found [http://localhost/user/remove]


Processing LoginController#index (for 127.0.0.1 at 2010-03-26 10:40:06) [GET]
Rendering template within layouts/login
Rendering login/index
Completed in 18ms (View: 3, DB: 0) | 200 OK [http://localhost/login]


Processing UserController#create (for 127.0.0.1 at 2010-03-26 10:40:10) [POST]
  Parameters: {"commit"=>"Login", "authenticity_token"=>"fF+XN+Yz4y3kRjcamoj3iY6qUvbqbNenXN8Ab3LEzpA=", "user"=>{"name"=>"erika"}}
  [4;35;1mUser Load (0.3ms)[0m   [0mSELECT "users".id FROM "users" WHERE ("users"."name" = 'erika') LIMIT 1[0m
Redirected to http://localhost:3000/
Completed in 12ms (DB: 0) | 302 Found [http://localhost/user/create]


Processing LoginController#index (for 127.0.0.1 at 2010-03-26 10:40:17) [GET]
Rendering template within layouts/login
Rendering login/index
Completed in 7ms (View: 4, DB: 0) | 200 OK [http://localhost/login]


Processing LoginController#index (for 127.0.0.1 at 2010-03-26 10:55:59) [GET]
Redirected to http://localhost:3000/login/welcome
Completed in 5ms (DB: 0) | 302 Found [http://localhost/login/]


Processing LoginController#welcome (for 127.0.0.1 at 2010-03-26 10:55:59) [GET]
Rendering template within layouts/login
Rendering login/welcome
Completed in 4ms (View: 2, DB: 0) | 200 OK [http://localhost/login/welcome]


Processing LoginController#logout (for 127.0.0.1 at 2010-03-26 10:56:01) [GET]
Redirected to http://localhost:3000/user/remove
Completed in 3ms (DB: 0) | 302 Found [http://localhost/login/logout]


Processing UserController#remove (for 127.0.0.1 at 2010-03-26 10:56:01) [GET]
  [4;36;1mUser Load (0.6ms)[0m   [0;1mSELECT * FROM "users" WHERE ("users"."name" = 'erika') LIMIT 1[0m
  [4;35;1mUser Delete all (1.4ms)[0m   [0mDELETE FROM "users" WHERE ("id" IN (2)) [0m
Redirected to http://localhost:3000/
Completed in 11ms (DB: 2) | 302 Found [http://localhost/user/remove]


Processing LoginController#index (for 127.0.0.1 at 2010-03-26 10:56:04) [GET]
Rendering template within layouts/login
Rendering login/index
Completed in 7ms (View: 4, DB: 0) | 200 OK [http://localhost/login]


Processing UserController#create (for 127.0.0.1 at 2010-03-26 10:56:08) [POST]
  Parameters: {"commit"=>"Login", "authenticity_token"=>"YTUojsPi48ywU6wrBZa9oLDsA0XAQHf9awJmd8Mzu6E=", "user"=>{"name"=>"erika"}}
  [4;36;1mUser Load (0.2ms)[0m   [0;1mSELECT "users".id FROM "users" WHERE ("users"."name" = 'erika') LIMIT 1[0m
  [4;35;1mUser Create (0.2ms)[0m   [0mINSERT INTO "users" ("name", "created_at", "updated_at") VALUES('erika', '2010-03-26 13:56:08', '2010-03-26 13:56:08')[0m
Redirected to http://localhost:3000/login/welcome
Completed in 15ms (DB: 0) | 302 Found [http://localhost/user/create]


Processing LoginController#welcome (for 127.0.0.1 at 2010-03-26 10:56:08) [GET]
Rendering template within layouts/login
Rendering login/welcome
Completed in 5ms (View: 2, DB: 0) | 200 OK [http://localhost/login/welcome]


Processing LoginController#index (for 127.0.0.1 at 2010-03-26 10:56:28) [GET]
Rendering template within layouts/login
Rendering login/index
Completed in 15ms (View: 13, DB: 0) | 200 OK [http://localhost/login/]


Processing UserController#create (for 127.0.0.1 at 2010-03-26 10:56:31) [POST]
  Parameters: {"commit"=>"Login", "authenticity_token"=>"iM+zHC7AFr71fAuYv8OyYYGLN+Lz+Wm7gXNyB1WkbkY=", "user"=>{"name"=>"erika"}}
  [4;36;1mUser Load (0.2ms)[0m   [0;1mSELECT "users".id FROM "users" WHERE ("users"."name" = 'erika') LIMIT 1[0m
Redirected to http://localhost:3000/
Completed in 12ms (DB: 0) | 302 Found [http://localhost/user/create]


Processing LoginController#index (for 127.0.0.1 at 2010-03-26 10:57:15) [GET]
Rendering template within layouts/login
Rendering login/index
Completed in 6ms (View: 3, DB: 0) | 200 OK [http://localhost/login]


Processing UserController#create (for 127.0.0.1 at 2010-03-26 10:57:22) [POST]
  Parameters: {"commit"=>"Login", "authenticity_token"=>"iM+zHC7AFr71fAuYv8OyYYGLN+Lz+Wm7gXNyB1WkbkY=", "user"=>{"name"=>"erika"}}
  [4;35;1mUser Load (0.3ms)[0m   [0mSELECT "users".id FROM "users" WHERE ("users"."name" = 'erika') LIMIT 1[0m
Redirected to http://localhost:3000/
Completed in 16ms (DB: 0) | 302 Found [http://localhost/user/create]


Processing LoginController#index (for 127.0.0.1 at 2010-03-26 10:57:30) [GET]
Rendering template within layouts/login
Rendering login/index
Completed in 6ms (View: 3, DB: 0) | 200 OK [http://localhost/login]


Processing LoginController#index (for 127.0.0.1 at 2010-03-26 13:25:49) [GET]
Redirected to http://localhost:3000/login/welcome
Completed in 3ms (DB: 0) | 302 Found [http://localhost/login]


Processing LoginController#welcome (for 127.0.0.1 at 2010-03-26 13:25:49) [GET]
Rendering template within layouts/login
Rendering login/welcome
Completed in 120ms (View: 117, DB: 0) | 200 OK [http://localhost/login/welcome]


Processing LoginController#logout (for 127.0.0.1 at 2010-03-26 13:25:51) [GET]
Redirected to http://localhost:3000/user/remove
Completed in 3ms (DB: 0) | 302 Found [http://localhost/login/logout]


Processing UserController#remove (for 127.0.0.1 at 2010-03-26 13:25:51) [GET]
  [4;36;1mUser Load (1.8ms)[0m   [0;1mSELECT * FROM "users" WHERE ("users"."name" = 'erika') LIMIT 1[0m
  [4;35;1mUser Delete all (25.0ms)[0m   [0mDELETE FROM "users" WHERE ("id" IN (4)) [0m
Redirected to http://localhost:3000/
Completed in 81ms (DB: 27) | 302 Found [http://localhost/user/remove]


Processing ApplicationController#index (for 127.0.0.1 at 2010-03-26 13:25:54) [GET]

ActionController::RoutingError (No route matches "/lodin" with {:method=>:get}):
  /usr/lib/ruby/1.8/webrick/httpserver.rb:104:in `service'
  /usr/lib/ruby/1.8/webrick/httpserver.rb:65:in `run'
  /usr/lib/ruby/1.8/webrick/server.rb:173:in `start_thread'
  /usr/lib/ruby/1.8/webrick/server.rb:162:in `start'
  /usr/lib/ruby/1.8/webrick/server.rb:162:in `start_thread'
  /usr/lib/ruby/1.8/webrick/server.rb:95:in `start'
  /usr/lib/ruby/1.8/webrick/server.rb:92:in `each'
  /usr/lib/ruby/1.8/webrick/server.rb:92:in `start'
  /usr/lib/ruby/1.8/webrick/server.rb:23:in `start'
  /usr/lib/ruby/1.8/webrick/server.rb:82:in `start'

Rendering rescues/layout (not_found)


Processing LoginController#index (for 127.0.0.1 at 2010-03-26 13:25:59) [GET]
Rendering template within layouts/login
Rendering login/index
Completed in 22ms (View: 19, DB: 0) | 200 OK [http://localhost/login]


Processing UserController#create (for 127.0.0.1 at 2010-03-26 13:26:03) [POST]
  Parameters: {"commit"=>"Login", "authenticity_token"=>"YTUojsPi48ywU6wrBZa9oLDsA0XAQHf9awJmd8Mzu6E=", "user"=>{"name"=>"erika"}}
  [4;36;1mUser Load (0.2ms)[0m   [0;1mSELECT "users".id FROM "users" WHERE ("users"."name" = 'erika') LIMIT 1[0m
  [4;35;1mUser Create (0.2ms)[0m   [0mINSERT INTO "users" ("name", "created_at", "updated_at") VALUES('erika', '2010-03-26 16:26:03', '2010-03-26 16:26:03')[0m
Redirected to http://localhost:3000/login/welcome
Completed in 16ms (DB: 0) | 302 Found [http://localhost/user/create]


Processing LoginController#welcome (for 127.0.0.1 at 2010-03-26 13:26:03) [GET]
Rendering template within layouts/login
Rendering login/welcome
Completed in 4ms (View: 2, DB: 0) | 200 OK [http://localhost/login/welcome]


Processing LoginController#logout (for 127.0.0.1 at 2010-03-26 13:26:04) [GET]
Redirected to http://localhost:3000/user/remove
Completed in 3ms (DB: 0) | 302 Found [http://localhost/login/logout]


Processing UserController#remove (for 127.0.0.1 at 2010-03-26 13:26:05) [GET]
  [4;36;1mUser Load (0.5ms)[0m   [0;1mSELECT * FROM "users" WHERE ("users"."name" = 'erika') LIMIT 1[0m
  [4;35;1mUser Delete all (1.3ms)[0m   [0mDELETE FROM "users" WHERE ("id" IN (5)) [0m
Redirected to http://localhost:3000/
Completed in 11ms (DB: 2) | 302 Found [http://localhost/user/remove]


Processing LoginController#index (for 127.0.0.1 at 2010-03-26 13:26:09) [GET]
Rendering template within layouts/login
Rendering login/index
Completed in 6ms (View: 3, DB: 0) | 200 OK [http://localhost/login]


Processing UserController#create (for 127.0.0.1 at 2010-03-26 13:26:17) [POST]
  Parameters: {"commit"=>"Login", "authenticity_token"=>"YTUojsPi48ywU6wrBZa9oLDsA0XAQHf9awJmd8Mzu6E=", "user"=>{"name"=>"hghghfhf"}}
  [4;36;1mUser Load (0.2ms)[0m   [0;1mSELECT "users".id FROM "users" WHERE ("users"."name" = 'hghghfhf') LIMIT 1[0m
  [4;35;1mUser Create (0.3ms)[0m   [0mINSERT INTO "users" ("name", "created_at", "updated_at") VALUES('hghghfhf', '2010-03-26 16:26:17', '2010-03-26 16:26:17')[0m
Redirected to http://localhost:3000/login/welcome
Completed in 16ms (DB: 0) | 302 Found [http://localhost/user/create]


Processing LoginController#welcome (for 127.0.0.1 at 2010-03-26 13:26:17) [GET]
Rendering template within layouts/login
Rendering login/welcome
Completed in 4ms (View: 2, DB: 0) | 200 OK [http://localhost/login/welcome]


Processing LoginController#logout (for 127.0.0.1 at 2010-03-26 13:26:19) [GET]
Redirected to http://localhost:3000/user/remove
Completed in 3ms (DB: 0) | 302 Found [http://localhost/login/logout]


Processing UserController#remove (for 127.0.0.1 at 2010-03-26 13:26:19) [GET]
  [4;36;1mUser Load (0.8ms)[0m   [0;1mSELECT * FROM "users" WHERE ("users"."name" = 'hghghfhf') LIMIT 1[0m
  [4;35;1mUser Delete all (1.4ms)[0m   [0mDELETE FROM "users" WHERE ("id" IN (6)) [0m
Redirected to http://localhost:3000/
Completed in 12ms (DB: 2) | 302 Found [http://localhost/user/remove]


Processing LoginController#index (for 127.0.0.1 at 2010-03-26 13:27:08) [GET]
Rendering template within layouts/login
Rendering login/index
Completed in 7ms (View: 3, DB: 0) | 200 OK [http://localhost/login]


Processing UserController#create (for 127.0.0.1 at 2010-03-26 13:27:12) [POST]
  Parameters: {"commit"=>"Login", "authenticity_token"=>"YTUojsPi48ywU6wrBZa9oLDsA0XAQHf9awJmd8Mzu6E=", "user"=>{"name"=>"erika"}}
  [4;36;1mUser Load (0.2ms)[0m   [0;1mSELECT "users".id FROM "users" WHERE ("users"."name" = 'erika') LIMIT 1[0m
  [4;35;1mUser Create (0.5ms)[0m   [0mINSERT INTO "users" ("name", "created_at", "updated_at") VALUES('erika', '2010-03-26 16:27:12', '2010-03-26 16:27:12')[0m
Redirected to http://localhost:3000/login/welcome
Completed in 15ms (DB: 1) | 302 Found [http://localhost/user/create]


Processing LoginController#welcome (for 127.0.0.1 at 2010-03-26 13:27:12) [GET]
Rendering template within layouts/login
Rendering login/welcome
Completed in 5ms (View: 3, DB: 0) | 200 OK [http://localhost/login/welcome]


Processing LoginController#index (for 127.0.0.1 at 2010-03-26 15:18:05) [GET]
Redirected to http://localhost:3000/login/welcome
Completed in 3ms (DB: 0) | 302 Found [http://localhost/]


Processing LoginController#welcome (for 127.0.0.1 at 2010-03-26 15:18:05) [GET]
Rendering template within layouts/login
Rendering login/welcome
Completed in 78ms (View: 75, DB: 0) | 200 OK [http://localhost/login/welcome]


Processing LoginController#index (for 127.0.0.1 at 2010-03-26 15:18:06) [GET]
Redirected to http://localhost:3000/login/welcome
Completed in 3ms (DB: 0) | 302 Found [http://localhost/]


Processing LoginController#welcome (for 127.0.0.1 at 2010-03-26 15:18:06) [GET]
Rendering template within layouts/login
Rendering login/welcome
Completed in 5ms (View: 2, DB: 0) | 200 OK [http://localhost/login/welcome]


Processing LoginController#logout (for 127.0.0.1 at 2010-03-26 15:18:12) [GET]
Redirected to http://localhost:3000/user/remove
Completed in 3ms (DB: 0) | 302 Found [http://localhost/login/logout]


Processing UserController#remove (for 127.0.0.1 at 2010-03-26 15:18:12) [GET]
  [4;36;1mUser Load (1.0ms)[0m   [0;1mSELECT * FROM "users" WHERE ("users"."name" = 'erika') LIMIT 1[0m
  [4;35;1mUser Delete all (1.8ms)[0m   [0mDELETE FROM "users" WHERE ("id" IN (7)) [0m
Redirected to http://localhost:3000/
Completed in 21ms (DB: 3) | 302 Found [http://localhost/user/remove]


Processing LoginController#index (for 127.0.0.1 at 2010-03-26 15:18:12) [GET]
Rendering template within layouts/login
Rendering login/index
Completed in 11ms (View: 8, DB: 0) | 200 OK [http://localhost/]
  [4;36;1mSQL (0.7ms)[0m   [0;1m SELECT name
 FROM sqlite_master
 WHERE type = 'table' AND NOT name = 'sqlite_sequence'
[0m
  [4;35;1mSQL (0.2ms)[0m   [0mSELECT version FROM schema_migrations[0m
  [4;36;1mSQL (0.5ms)[0m   [0;1mselect sqlite_version(*)[0m
  [4;35;1mSQL (0.8ms)[0m   [0m SELECT name
 FROM sqlite_master
 WHERE type = 'table' AND NOT name = 'sqlite_sequence'
[0m
  [4;36;1mSQL (4.6ms)[0m   [0;1mCREATE TABLE "users" ("id" INTEGER PRIMARY KEY AUTOINCREMENT NOT NULL, "name" varchar(255), "created_at" datetime, "updated_at" datetime) [0m
  [4;35;1mSQL (0.7ms)[0m   [0m SELECT name
 FROM sqlite_master
 WHERE type = 'table' AND NOT name = 'sqlite_sequence'
[0m
  [4;36;1mSQL (3.5ms)[0m   [0;1mCREATE TABLE "schema_migrations" ("version" varchar(255) NOT NULL) [0m
  [4;35;1mSQL (4.7ms)[0m   [0mCREATE UNIQUE INDEX "unique_schema_migrations" ON "schema_migrations" ("version")[0m
  [4;36;1mSQL (0.7ms)[0m   [0;1m SELECT name
 FROM sqlite_master
 WHERE type = 'table' AND NOT name = 'sqlite_sequence'
[0m
  [4;35;1mSQL (0.3ms)[0m   [0mSELECT version FROM "schema_migrations"[0m
  [4;36;1mSQL (4.1ms)[0m   [0;1mINSERT INTO "schema_migrations" (version) VALUES ('20100319172108')[0m
  [4;36;1mSQL (0.6ms)[0m   [0;1m SELECT name
 FROM sqlite_master
 WHERE type = 'table' AND NOT name = 'sqlite_sequence'
[0m
  [4;35;1mSQL (0.2ms)[0m   [0mSELECT version FROM schema_migrations[0m
  [4;36;1mSQL (0.2ms)[0m   [0;1mselect sqlite_version(*)[0m
  [4;35;1mSQL (0.3ms)[0m   [0m SELECT name
 FROM sqlite_master
 WHERE type = 'table' AND NOT name = 'sqlite_sequence'
[0m
  [4;36;1mSQL (1.9ms)[0m   [0;1mCREATE TABLE "users" ("id" INTEGER PRIMARY KEY AUTOINCREMENT NOT NULL, "name" varchar(255), "created_at" datetime, "updated_at" datetime) [0m
  [4;35;1mSQL (0.2ms)[0m   [0m SELECT name
 FROM sqlite_master
 WHERE type = 'table' AND NOT name = 'sqlite_sequence'
[0m
  [4;36;1mSQL (2.1ms)[0m   [0;1mCREATE TABLE "schema_migrations" ("version" varchar(255) NOT NULL) [0m
  [4;35;1mSQL (2.1ms)[0m   [0mCREATE UNIQUE INDEX "unique_schema_migrations" ON "schema_migrations" ("version")[0m
  [4;36;1mSQL (0.3ms)[0m   [0;1m SELECT name
 FROM sqlite_master
 WHERE type = 'table' AND NOT name = 'sqlite_sequence'
[0m
  [4;35;1mSQL (0.1ms)[0m   [0mSELECT version FROM "schema_migrations"[0m
  [4;36;1mSQL (1.6ms)[0m   [0;1mINSERT INTO "schema_migrations" (version) VALUES ('20100319172108')[0m
  [4;36;1mSQL (0.7ms)[0m   [0;1m SELECT name
 FROM sqlite_master
 WHERE type = 'table' AND NOT name = 'sqlite_sequence'
[0m
  [4;35;1mSQL (0.2ms)[0m   [0mSELECT version FROM schema_migrations[0m
  [4;36;1mSQL (0.2ms)[0m   [0;1mselect sqlite_version(*)[0m
  [4;35;1mSQL (0.3ms)[0m   [0m SELECT name
 FROM sqlite_master
 WHERE type = 'table' AND NOT name = 'sqlite_sequence'
[0m
  [4;36;1mSQL (2.2ms)[0m   [0;1mCREATE TABLE "users" ("id" INTEGER PRIMARY KEY AUTOINCREMENT NOT NULL, "name" varchar(255), "created_at" datetime, "updated_at" datetime) [0m
  [4;35;1mSQL (0.2ms)[0m   [0m SELECT name
 FROM sqlite_master
 WHERE type = 'table' AND NOT name = 'sqlite_sequence'
[0m
  [4;36;1mSQL (2.4ms)[0m   [0;1mCREATE TABLE "schema_migrations" ("version" varchar(255) NOT NULL) [0m
  [4;35;1mSQL (2.2ms)[0m   [0mCREATE UNIQUE INDEX "unique_schema_migrations" ON "schema_migrations" ("version")[0m
  [4;36;1mSQL (0.3ms)[0m   [0;1m SELECT name
 FROM sqlite_master
 WHERE type = 'table' AND NOT name = 'sqlite_sequence'
[0m
  [4;35;1mSQL (0.1ms)[0m   [0mSELECT version FROM "schema_migrations"[0m
  [4;36;1mSQL (1.6ms)[0m   [0;1mINSERT INTO "schema_migrations" (version) VALUES ('20100319172108')[0m
  [4;36;1mSQL (0.6ms)[0m   [0;1m SELECT name
 FROM sqlite_master
 WHERE type = 'table' AND NOT name = 'sqlite_sequence'
[0m
  [4;35;1mSQL (0.7ms)[0m   [0mSELECT version FROM schema_migrations[0m
  [4;36;1mSQL (0.2ms)[0m   [0;1mselect sqlite_version(*)[0m
  [4;35;1mSQL (0.3ms)[0m   [0m SELECT name
 FROM sqlite_master
 WHERE type = 'table' AND NOT name = 'sqlite_sequence'
[0m
  [4;36;1mSQL (2.5ms)[0m   [0;1mCREATE TABLE "users" ("id" INTEGER PRIMARY KEY AUTOINCREMENT NOT NULL, "name" varchar(255), "created_at" datetime, "updated_at" datetime) [0m
  [4;35;1mSQL (0.2ms)[0m   [0m SELECT name
 FROM sqlite_master
 WHERE type = 'table' AND NOT name = 'sqlite_sequence'
[0m
  [4;36;1mSQL (1.7ms)[0m   [0;1mCREATE TABLE "schema_migrations" ("version" varchar(255) NOT NULL) [0m
  [4;35;1mSQL (2.4ms)[0m   [0mCREATE UNIQUE INDEX "unique_schema_migrations" ON "schema_migrations" ("version")[0m
  [4;36;1mSQL (0.3ms)[0m   [0;1m SELECT name
 FROM sqlite_master
 WHERE type = 'table' AND NOT name = 'sqlite_sequence'
[0m
  [4;35;1mSQL (0.1ms)[0m   [0mSELECT version FROM "schema_migrations"[0m
  [4;36;1mSQL (1.6ms)[0m   [0;1mINSERT INTO "schema_migrations" (version) VALUES ('20100319172108')[0m
  [4;36;1mSQL (0.6ms)[0m   [0;1m SELECT name
 FROM sqlite_master
 WHERE type = 'table' AND NOT name = 'sqlite_sequence'
[0m
  [4;35;1mSQL (0.2ms)[0m   [0mSELECT version FROM schema_migrations[0m
  [4;36;1mSQL (0.2ms)[0m   [0;1mselect sqlite_version(*)[0m
  [4;35;1mSQL (0.4ms)[0m   [0m SELECT name
 FROM sqlite_master
 WHERE type = 'table' AND NOT name = 'sqlite_sequence'
[0m
  [4;36;1mSQL (1.8ms)[0m   [0;1mCREATE TABLE "users" ("id" INTEGER PRIMARY KEY AUTOINCREMENT NOT NULL, "name" varchar(255), "created_at" datetime, "updated_at" datetime) [0m
  [4;35;1mSQL (0.2ms)[0m   [0m SELECT name
 FROM sqlite_master
 WHERE type = 'table' AND NOT name = 'sqlite_sequence'
[0m
  [4;36;1mSQL (1.3ms)[0m   [0;1mCREATE TABLE "schema_migrations" ("version" varchar(255) NOT NULL) [0m
  [4;35;1mSQL (1.3ms)[0m   [0mCREATE UNIQUE INDEX "unique_schema_migrations" ON "schema_migrations" ("version")[0m
  [4;36;1mSQL (0.3ms)[0m   [0;1m SELECT name
 FROM sqlite_master
 WHERE type = 'table' AND NOT name = 'sqlite_sequence'
[0m
  [4;35;1mSQL (0.1ms)[0m   [0mSELECT version FROM "schema_migrations"[0m
  [4;36;1mSQL (1.1ms)[0m   [0;1mINSERT INTO "schema_migrations" (version) VALUES ('20100319172108')[0m


Processing LoginController#index (for 127.0.0.1 at 2010-03-30 14:50:43) [GET]
Rendering template within layouts/login
Rendering login/index
Completed in 106ms (View: 103, DB: 0) | 200 OK [http://localhost/]
  [4;36;1mSQL (0.6ms)[0m   [0;1m SELECT name
 FROM sqlite_master
 WHERE type = 'table' AND NOT name = 'sqlite_sequence'
[0m
  [4;35;1mSQL (0.2ms)[0m   [0mSELECT version FROM schema_migrations[0m
  [4;36;1mSQL (0.2ms)[0m   [0;1mselect sqlite_version(*)[0m
  [4;35;1mSQL (0.3ms)[0m   [0m SELECT name
 FROM sqlite_master
 WHERE type = 'table' AND NOT name = 'sqlite_sequence'
[0m
  [4;36;1mSQL (2.4ms)[0m   [0;1mCREATE TABLE "users" ("id" INTEGER PRIMARY KEY AUTOINCREMENT NOT NULL, "name" varchar(255), "created_at" datetime, "updated_at" datetime) [0m
  [4;35;1mSQL (0.2ms)[0m   [0m SELECT name
 FROM sqlite_master
 WHERE type = 'table' AND NOT name = 'sqlite_sequence'
[0m
  [4;36;1mSQL (2.1ms)[0m   [0;1mCREATE TABLE "schema_migrations" ("version" varchar(255) NOT NULL) [0m
  [4;35;1mSQL (2.0ms)[0m   [0mCREATE UNIQUE INDEX "unique_schema_migrations" ON "schema_migrations" ("version")[0m
  [4;36;1mSQL (0.2ms)[0m   [0;1m SELECT name
 FROM sqlite_master
 WHERE type = 'table' AND NOT name = 'sqlite_sequence'
[0m
  [4;35;1mSQL (0.1ms)[0m   [0mSELECT version FROM "schema_migrations"[0m
  [4;36;1mSQL (1.6ms)[0m   [0;1mINSERT INTO "schema_migrations" (version) VALUES ('20100319172108')[0m
  [4;36;1mSQL (0.6ms)[0m   [0;1m SELECT name
 FROM sqlite_master
 WHERE type = 'table' AND NOT name = 'sqlite_sequence'
[0m
  [4;35;1mSQL (0.2ms)[0m   [0mSELECT version FROM schema_migrations[0m
  [4;36;1mSQL (0.2ms)[0m   [0;1mselect sqlite_version(*)[0m
  [4;35;1mSQL (0.3ms)[0m   [0m SELECT name
 FROM sqlite_master
 WHERE type = 'table' AND NOT name = 'sqlite_sequence'
[0m
  [4;36;1mSQL (1.9ms)[0m   [0;1mCREATE TABLE "users" ("id" INTEGER PRIMARY KEY AUTOINCREMENT NOT NULL, "name" varchar(255), "created_at" datetime, "updated_at" datetime) [0m
  [4;35;1mSQL (0.2ms)[0m   [0m SELECT name
 FROM sqlite_master
 WHERE type = 'table' AND NOT name = 'sqlite_sequence'
[0m
  [4;36;1mSQL (2.5ms)[0m   [0;1mCREATE TABLE "schema_migrations" ("version" varchar(255) NOT NULL) [0m
  [4;35;1mSQL (2.0ms)[0m   [0mCREATE UNIQUE INDEX "unique_schema_migrations" ON "schema_migrations" ("version")[0m
  [4;36;1mSQL (0.3ms)[0m   [0;1m SELECT name
 FROM sqlite_master
 WHERE type = 'table' AND NOT name = 'sqlite_sequence'
[0m
  [4;35;1mSQL (0.1ms)[0m   [0mSELECT version FROM "schema_migrations"[0m
  [4;36;1mSQL (1.7ms)[0m   [0;1mINSERT INTO "schema_migrations" (version) VALUES ('20100319172108')[0m
  [4;36;1mSQL (0.6ms)[0m   [0;1m SELECT name
 FROM sqlite_master
 WHERE type = 'table' AND NOT name = 'sqlite_sequence'
[0m
  [4;35;1mSQL (0.2ms)[0m   [0mSELECT version FROM schema_migrations[0m
  [4;36;1mSQL (0.2ms)[0m   [0;1mselect sqlite_version(*)[0m
  [4;35;1mSQL (0.3ms)[0m   [0m SELECT name
 FROM sqlite_master
 WHERE type = 'table' AND NOT name = 'sqlite_sequence'
[0m
  [4;36;1mSQL (1.8ms)[0m   [0;1mCREATE TABLE "users" ("id" INTEGER PRIMARY KEY AUTOINCREMENT NOT NULL, "name" varchar(255), "created_at" datetime, "updated_at" datetime) [0m
  [4;35;1mSQL (0.2ms)[0m   [0m SELECT name
 FROM sqlite_master
 WHERE type = 'table' AND NOT name = 'sqlite_sequence'
[0m
  [4;36;1mSQL (2.1ms)[0m   [0;1mCREATE TABLE "schema_migrations" ("version" varchar(255) NOT NULL) [0m
  [4;35;1mSQL (2.2ms)[0m   [0mCREATE UNIQUE INDEX "unique_schema_migrations" ON "schema_migrations" ("version")[0m
  [4;36;1mSQL (0.3ms)[0m   [0;1m SELECT name
 FROM sqlite_master
 WHERE type = 'table' AND NOT name = 'sqlite_sequence'
[0m
  [4;35;1mSQL (0.1ms)[0m   [0mSELECT version FROM "schema_migrations"[0m
  [4;36;1mSQL (3.0ms)[0m   [0;1mINSERT INTO "schema_migrations" (version) VALUES ('20100319172108')[0m
  [4;36;1mSQL (0.6ms)[0m   [0;1m SELECT name
 FROM sqlite_master
 WHERE type = 'table' AND NOT name = 'sqlite_sequence'
[0m
  [4;35;1mSQL (0.2ms)[0m   [0mSELECT version FROM schema_migrations[0m
  [4;36;1mSQL (0.3ms)[0m   [0;1mselect sqlite_version(*)[0m
  [4;35;1mSQL (0.3ms)[0m   [0m SELECT name
 FROM sqlite_master
 WHERE type = 'table' AND NOT name = 'sqlite_sequence'
[0m
  [4;36;1mSQL (2.1ms)[0m   [0;1mCREATE TABLE "users" ("id" INTEGER PRIMARY KEY AUTOINCREMENT NOT NULL, "name" varchar(255), "created_at" datetime, "updated_at" datetime) [0m
  [4;35;1mSQL (0.2ms)[0m   [0m SELECT name
 FROM sqlite_master
 WHERE type = 'table' AND NOT name = 'sqlite_sequence'
[0m
  [4;36;1mSQL (1.3ms)[0m   [0;1mCREATE TABLE "schema_migrations" ("version" varchar(255) NOT NULL) [0m
  [4;35;1mSQL (1.3ms)[0m   [0mCREATE UNIQUE INDEX "unique_schema_migrations" ON "schema_migrations" ("version")[0m
  [4;36;1mSQL (0.2ms)[0m   [0;1m SELECT name
 FROM sqlite_master
 WHERE type = 'table' AND NOT name = 'sqlite_sequence'
[0m
  [4;35;1mSQL (0.1ms)[0m   [0mSELECT version FROM "schema_migrations"[0m
  [4;36;1mSQL (1.1ms)[0m   [0;1mINSERT INTO "schema_migrations" (version) VALUES ('20100319172108')[0m
